# JRE version: Java(TM) SE Runtime Environment (17.0.6+9) (build 17.0.6+9-LTS-190)
# Java VM: Java HotSpot(TM) 64-Bit Server VM (17.0.6+9-LTS-190, mixed mode, sharing, tiered, compressed oops, compressed class ptrs, g1 gc, windows-amd64)
GC Precious Log:
 CPUs: 4 total, 4 available
 Memory: 7991M
 Large Page Support: Disabled
 NUMA Support: Disabled
 Compressed Oops: Enabled (32-bit)
 Heap Region Size: 1M
 Heap Min Capacity: 8M
 Heap Initial Capacity: 126M
 Heap Max Capacity: 1998M
 Pre-touch: Disabled
 Parallel Workers: 4
 Concurrent Workers: 1
 Concurrent Refinement Workers: 4
 Periodic GC: Disabled
Heap:
 garbage-first heap   total 95232K, used 73363K [0x0000000083200000, 0x0000000100000000)
  region size 1024K, 36 young (36864K), 4 survivors (4096K)
 Metaspace       used 80108K, committed 80768K, reserved 1122304K
  class space    used 10804K, committed 11136K, reserved 1048576K
GC Heap History (20 events):
Event: 12.072 GC heap before
{Heap before GC invocations=15 (full 0):
 garbage-first heap   total 78848K, used 61198K [0x0000000083200000, 0x0000000100000000)
  region size 1024K, 34 young (34816K), 2 survivors (2048K)
 Metaspace       used 52312K, committed 52800K, reserved 1097728K
  class space    used 6921K, committed 7168K, reserved 1048576K
}
Event: 12.077 GC heap after
{Heap after GC invocations=16 (full 0):
 garbage-first heap   total 78848K, used 29734K [0x0000000083200000, 0x0000000100000000)
  region size 1024K, 3 young (3072K), 3 survivors (3072K)
 Metaspace       used 52312K, committed 52800K, reserved 1097728K
  class space    used 6921K, committed 7168K, reserved 1048576K
}
Event: 13.028 GC heap before
{Heap before GC invocations=16 (full 0):
 garbage-first heap   total 78848K, used 62502K [0x0000000083200000, 0x0000000100000000)
  region size 1024K, 35 young (35840K), 3 survivors (3072K)
 Metaspace       used 58341K, committed 58880K, reserved 1105920K
  class space    used 7665K, committed 7936K, reserved 1048576K
}
Event: 13.034 GC heap after
{Heap after GC invocations=17 (full 0):
 garbage-first heap   total 78848K, used 31744K [0x0000000083200000, 0x0000000100000000)
  region size 1024K, 5 young (5120K), 5 survivors (5120K)
 Metaspace       used 58341K, committed 58880K, reserved 1105920K
  class space    used 7665K, committed 7936K, reserved 1048576K
}
Event: 13.236 GC heap before
{Heap before GC invocations=17 (full 0):
 garbage-first heap   total 78848K, used 38912K [0x0000000083200000, 0x0000000100000000)
  region size 1024K, 13 young (13312K), 5 survivors (5120K)
 Metaspace       used 59987K, committed 60480K, reserved 1105920K
  class space    used 7851K, committed 8064K, reserved 1048576K
}
Event: 13.243 GC heap after
{Heap after GC invocations=18 (full 0):
 garbage-first heap   total 78848K, used 31998K [0x0000000083200000, 0x0000000100000000)
  region size 1024K, 3 young (3072K), 3 survivors (3072K)
 Metaspace       used 59987K, committed 60480K, reserved 1105920K
  class space    used 7851K, committed 8064K, reserved 1048576K
}
Event: 14.062 GC heap before
{Heap before GC invocations=19 (full 0):
 garbage-first heap   total 78848K, used 62718K [0x0000000083200000, 0x0000000100000000)
  region size 1024K, 34 young (34816K), 3 survivors (3072K)
 Metaspace       used 66144K, committed 66688K, reserved 1114112K
  class space    used 8931K, committed 9216K, reserved 1048576K
}
Event: 14.067 GC heap after
{Heap after GC invocations=20 (full 0):
 garbage-first heap   total 78848K, used 33033K [0x0000000083200000, 0x0000000100000000)
  region size 1024K, 4 young (4096K), 4 survivors (4096K)
 Metaspace       used 66144K, committed 66688K, reserved 1114112K
  class space    used 8931K, committed 9216K, reserved 1048576K
}
Event: 14.692 GC heap before
{Heap before GC invocations=21 (full 0):
 garbage-first heap   total 78848K, used 64777K [0x0000000083200000, 0x0000000100000000)
  region size 1024K, 35 young (35840K), 4 survivors (4096K)
 Metaspace       used 69364K, committed 69888K, reserved 1114112K
  class space    used 9394K, committed 9664K, reserved 1048576K
}
Event: 14.698 GC heap after
{Heap after GC invocations=22 (full 0):
 garbage-first heap   total 78848K, used 35376K [0x0000000083200000, 0x0000000100000000)
  region size 1024K, 4 young (4096K), 4 survivors (4096K)
 Metaspace       used 69364K, committed 69888K, reserved 1114112K
  class space    used 9394K, committed 9664K, reserved 1048576K
}
Event: 15.341 GC heap before
{Heap before GC invocations=22 (full 0):
 garbage-first heap   total 78848K, used 64048K [0x0000000083200000, 0x0000000100000000)
  region size 1024K, 32 young (32768K), 4 survivors (4096K)
 Metaspace       used 72691K, committed 73216K, reserved 1114112K
  class space    used 9821K, committed 10048K, reserved 1048576K
}
Event: 15.349 GC heap after
{Heap after GC invocations=23 (full 0):
 garbage-first heap   total 78848K, used 37774K [0x0000000083200000, 0x0000000100000000)
  region size 1024K, 3 young (3072K), 3 survivors (3072K)
 Metaspace       used 72691K, committed 73216K, reserved 1114112K
  class space    used 9821K, committed 10048K, reserved 1048576K
}
Event: 15.549 GC heap before
{Heap before GC invocations=23 (full 0):
 garbage-first heap   total 78848K, used 62350K [0x0000000083200000, 0x0000000100000000)
  region size 1024K, 28 young (28672K), 3 survivors (3072K)
 Metaspace       used 73402K, committed 73920K, reserved 1114112K
  class space    used 9908K, committed 10176K, reserved 1048576K
}
Event: 15.553 GC heap after
{Heap after GC invocations=24 (full 0):
 garbage-first heap   total 78848K, used 38498K [0x0000000083200000, 0x0000000100000000)
  region size 1024K, 1 young (1024K), 1 survivors (1024K)
 Metaspace       used 73402K, committed 73920K, reserved 1114112K
  class space    used 9908K, committed 10176K, reserved 1048576K
}
Event: 15.790 GC heap before
{Heap before GC invocations=25 (full 0):
 garbage-first heap   total 78848K, used 65122K [0x0000000083200000, 0x0000000100000000)
  region size 1024K, 27 young (27648K), 1 survivors (1024K)
 Metaspace       used 73843K, committed 74432K, reserved 1114112K
  class space    used 9963K, committed 10240K, reserved 1048576K
}
Event: 15.793 GC heap after
{Heap after GC invocations=26 (full 0):
 garbage-first heap   total 78848K, used 39024K [0x0000000083200000, 0x0000000100000000)
  region size 1024K, 2 young (2048K), 2 survivors (2048K)
 Metaspace       used 73843K, committed 74432K, reserved 1114112K
  class space    used 9963K, committed 10240K, reserved 1048576K
}
Event: 15.973 GC heap before
{Heap before GC invocations=26 (full 0):
 garbage-first heap   total 78848K, used 64624K [0x0000000083200000, 0x0000000100000000)
  region size 1024K, 27 young (27648K), 2 survivors (2048K)
 Metaspace       used 74286K, committed 74816K, reserved 1114112K
  class space    used 9985K, committed 10240K, reserved 1048576K
}
Event: 15.976 GC heap after
{Heap after GC invocations=27 (full 0):
 garbage-first heap   total 95232K, used 39599K [0x0000000083200000, 0x0000000100000000)
  region size 1024K, 2 young (2048K), 2 survivors (2048K)
 Metaspace       used 74286K, committed 74816K, reserved 1114112K
  class space    used 9985K, committed 10240K, reserved 1048576K
}
Event: 16.806 GC heap before
{Heap before GC invocations=28 (full 0):
 garbage-first heap   total 95232K, used 79535K [0x0000000083200000, 0x0000000100000000)
  region size 1024K, 41 young (41984K), 2 survivors (2048K)
 Metaspace       used 77465K, committed 78016K, reserved 1122304K
  class space    used 10433K, committed 10688K, reserved 1048576K
}
Event: 16.816 GC heap after
{Heap after GC invocations=29 (full 0):
 garbage-first heap   total 95232K, used 41619K [0x0000000083200000, 0x0000000100000000)
  region size 1024K, 4 young (4096K), 4 survivors (4096K)
 Metaspace       used 77465K, committed 78016K, reserved 1122304K
  class space    used 10433K, committed 10688K, reserved 1048576K
}

